2024-07-16 13:52:40|   0.0|  0.0|INFORM|Current FME version: FME 2024.0.3.0 (20240603 - Build 24220 - linux-x64)
2024-07-16 13:52:40|   0.0|  0.0|INFORM|System Time: 20240716125240 UTC
2024-07-16 13:52:40|   0.0|  0.0|INFORM|FME_HOME is '/opt/fme-form-2024/'
2024-07-16 13:52:40|   0.0|  0.0|INFORM|FME Form (floating)
2024-07-16 13:52:40|   0.0|  0.0|INFORM|Temporary License: 289 days left.
2024-07-16 13:52:40|   0.0|  0.0|INFORM|Machine host name is: framework-ubuntu
2024-07-16 13:52:40|   0.0|  0.0|INFORM|OS Locale Name     : en_GB
2024-07-16 13:52:40|   0.0|  0.0|INFORM|OS Locale Encoding : UTF-8
2024-07-16 13:52:40|   0.0|  0.0|INFORM|Process Encoding   : UTF-8
2024-07-16 13:52:40|   0.0|  0.0|INFORM|FME API version: '4.0 20240212'
2024-07-16 13:52:40|   0.0|  0.0|INFORM|FME Configuration: FME_BASE is 'no'
2024-07-16 13:52:40|   0.0|  0.0|INFORM|FME Configuration: FME_MF_DIR is '/home/joe/Documents/GitHub/CoastCraft/data/'
2024-07-16 13:52:40|   0.0|  0.0|INFORM|FME Configuration: FME_MF_NAME is 'Bude2Minecraft.fmw'
2024-07-16 13:52:40|   0.0|  0.0|INFORM|FME Configuration: FME_PRODUCT_NAME is 'FME(R) 2024.0.3.0'
2024-07-16 13:52:40|   0.0|  0.0|INFORM|Operating System: Ubuntu 22.04.4 LTS (Jammy Jellyfish)
2024-07-16 13:52:40|   0.0|  0.0|INFORM|FME Platform: linux-x64
2024-07-16 13:52:40|   0.0|  0.0|INFORM|The memory allocator being used by FME is : `/lib/x86_64-linux-gnu/libtcmalloc_minimal.so.4'
2024-07-16 13:52:40|   0.0|  0.0|INFORM|System Status: 181.13 GB of disk space available in the FME temporary folder (/tmp/wbrun_1721054737352_4743/fmetmp_14)
2024-07-16 13:52:40|   0.0|  0.0|INFORM|System Status: 58.66 GB of physical memory available
2024-07-16 13:52:40|   0.0|  0.0|INFORM|System Status: 58.66 GB of virtual memory available
2024-07-16 13:52:40|   0.0|  0.0|INFORM|START - ProcessID: 50310, peak process heap usage: 18868 kB, current process heap usage: 18868 kB
2024-07-16 13:52:40|   0.0|  0.0|INFORM|FME Configuration: Command line arguments are `/opt/fme-form-2024/fme' `/home/joe/Documents/GitHub/CoastCraft/data/wb-xlate-1721134357123_4743' `LOG_STANDARDOUT' `YES' `LOG_TIMINGS' `YES' `LogCountServerName' `40397' `LOG_STANDARDOUT' `No' `WORKBENCH_LOG_SERVER' `42799'
2024-07-16 13:52:40|   0.0|  0.0|INFORM|FME Configuration: Connection Storage: '/home/joe/.Safe Software/FME/'
2024-07-16 13:52:40|   0.0|  0.0|INFORM|Shared folders for formats are : /opt/fme-form-2024/datasources;/home/joe/.fme/Formats
2024-07-16 13:52:40|   0.0|  0.0|INFORM|Shared folders for transformers are : /home/joe/.Safe Software/FME/Packages/24220-linux-x64/transformers;/opt/fme-form-2024/transformers
2024-07-16 13:52:40|   0.0|  0.0|INFORM|Shared folders for coordinate systems are : /home/joe/.fme/CoordinateSystems
2024-07-16 13:52:40|   0.0|  0.0|INFORM|Shared folders for coordinate system exceptions are : /home/joe/.fme/CoordinateSystemExceptions
2024-07-16 13:52:40|   0.0|  0.0|INFORM|Shared folders for coordinate system grid overrides are : /home/joe/.fme/CoordinateSystemGridOverrides
2024-07-16 13:52:40|   0.0|  0.0|INFORM|Shared folders for CS-MAP transformation exceptions are : /home/joe/.fme/CsmapTransformationExceptions
2024-07-16 13:52:40|   0.0|  0.0|INFORM|Shared folders for transformer categories are : /home/joe/.fme/TransformerCategories
2024-07-16 13:52:40|   0.0|  0.0|INFORM|Mapping File Identifier is: Shape2Minecraft
2024-07-16 13:52:40|   0.0|  0.0|INFORM|FME Configuration: Reader Keyword is `MULTI_READER'
2024-07-16 13:52:40|   0.0|  0.0|INFORM|FME Configuration: Writer Keyword is `MULTI_DEST'
2024-07-16 13:52:40|   0.0|  0.0|INFORM|FME Configuration: Writer Group Definition Keyword is `MULTI_DEST_DEF'
2024-07-16 13:52:40|   0.0|  0.0|INFORM|FME Configuration: Reader type is `MULTI_READER'
2024-07-16 13:52:40|   0.0|  0.0|INFORM|FME Configuration: Writer type is `MULTI_WRITER'
2024-07-16 13:52:40|   0.0|  0.0|INFORM|FME Configuration: No destination coordinate system set
2024-07-16 13:52:40|   0.0|  0.0|INFORM|FME Configuration: Current working folder is `/home/joe/Documents/GitHub/CoastCraft/data'
2024-07-16 13:52:40|   0.0|  0.0|INFORM|FME Configuration: Temporary folder is `/tmp/wbrun_1721054737352_4743/fmetmp_14', set from environment variable `FME_TEMP'
2024-07-16 13:52:40|   0.0|  0.0|INFORM|FME Configuration: Cache folder is '/tmp'
2024-07-16 13:52:40|   0.0|  0.0|INFORM|FME Configuration: FME_HOME is `/opt/fme-form-2024/'
2024-07-16 13:52:40|   0.0|  0.0|INFORM|FME Configuration: Start freeing memory when the heap exceeds 57.49 GB or address space exceeds 58.07 GB
2024-07-16 13:52:40|   0.0|  0.0|INFORM|FME Configuration: Stop freeing memory when the heap is below 43.12 GB and address space is below 43.55 GB
2024-07-16 13:52:40|   0.0|  0.0|INFORM|Creating writer for format: 
2024-07-16 13:52:40|   0.0|  0.0|INFORM|Creating reader for format: 
2024-07-16 13:52:40|   0.0|  0.0|INFORM|MULTI_READER(MULTI_READER): Will fail with first member reader failure
2024-07-16 13:52:40|   0.0|  0.0|INFORM|Using Multi Reader with keyword `MULTI_READER' to read multiple datasets
2024-07-16 13:52:40|   0.0|  0.0|INFORM|Using MultiWriter with keyword `MULTI_DEST' to output data (ID_ATTRIBUTE is `multi_writer_id')
2024-07-16 13:52:40|   0.0|  0.0|INFORM|Loaded module 'LogCount_func' from file '/opt/fme-form-2024/plugins/logcount_func.so'
2024-07-16 13:52:40|   0.0|  0.0|INFORM|FME API version of module 'LogCount_func' matches current internal version (4.0 20240212)
2024-07-16 13:52:40|   0.0|  0.0|INFORM|Loaded module 'ClipperFactory' from file '/opt/fme-form-2024/plugins/clipperfactory.so'
2024-07-16 13:52:40|   0.0|  0.0|INFORM|FME API version of module 'ClipperFactory' matches current internal version (4.0 20240212)
2024-07-16 13:52:40|   0.0|  0.0|INFORM|Loaded module 'VectorToRasterFactory' from file '/opt/fme-form-2024/plugins/vectortorasterfactory.so'
2024-07-16 13:52:40|   0.0|  0.0|INFORM|FME API version of module 'VectorToRasterFactory' matches current internal version (4.0 20240212)
2024-07-16 13:52:40|   0.0|  0.0|INFORM|Loaded module 'RasterEvaluationFactory' from file '/opt/fme-form-2024/plugins/rasterevaluationfactory.so'
2024-07-16 13:52:40|   0.0|  0.0|INFORM|FME API version of module 'RasterEvaluationFactory' matches current internal version (4.0 20240212)
2024-07-16 13:52:40|   0.0|  0.0|INFORM|Loaded module 'SelectRaster_func' from file '/opt/fme-form-2024/plugins/selectraster_func.so'
2024-07-16 13:52:40|   0.0|  0.0|INFORM|FME API version of module 'SelectRaster_func' matches current internal version (4.0 20240212)
2024-07-16 13:52:40|   0.0|  0.0|INFORM|Loaded module 'RasterName_func' from file '/opt/fme-form-2024/plugins/rastername_func.so'
2024-07-16 13:52:40|   0.0|  0.0|INFORM|FME API version of module 'RasterName_func' matches current internal version (4.0 20240212)
2024-07-16 13:52:40|   0.0|  0.0|INFORM|Loaded module 'RasterClippingFactory' from file '/opt/fme-form-2024/plugins/rasterclippingfactory.so'
2024-07-16 13:52:40|   0.0|  0.0|INFORM|FME API version of module 'RasterClippingFactory' matches current internal version (4.0 20240212)
2024-07-16 13:52:40|   0.0|  0.0|INFORM|Loaded module 'SolidIntersectionFactory' from file '/opt/fme-form-2024/plugins/solidintersectionfactory.so'
2024-07-16 13:52:40|   0.0|  0.0|INFORM|FME API version of module 'SolidIntersectionFactory' matches current internal version (4.0 20240212)
2024-07-16 13:52:40|   0.0|  0.0|INFORM|Loaded module 'VectorToPointCloudFactory' from file '/opt/fme-form-2024/plugins/vectortopointcloudfactory.so'
2024-07-16 13:52:40|   0.0|  0.0|INFORM|FME API version of module 'VectorToPointCloudFactory' matches current internal version (4.0 20240212)
2024-07-16 13:52:40|   0.0|  0.0|INFORM|Loaded module 'PointCloudCombinerFactory' from file '/opt/fme-form-2024/plugins/pointcloudcombinerfactory.so'
2024-07-16 13:52:40|   0.0|  0.0|INFORM|FME API version of module 'PointCloudCombinerFactory' matches current internal version (4.0 20240212)
2024-07-16 13:52:40|   0.0|  0.0|INFORM|Loaded module 'RasterToPointCloudComponentFactory' from file '/opt/fme-form-2024/plugins/rastertopointcloudcomponentfactory.so'
2024-07-16 13:52:40|   0.0|  0.0|INFORM|FME API version of module 'RasterToPointCloudComponentFactory' matches current internal version (4.0 20240212)
2024-07-16 13:52:40|   0.0|  0.0|INFORM|Loaded module 'PointCloudEvaluationFactory' from file '/opt/fme-form-2024/plugins/pointcloudevaluationfactory.so'
2024-07-16 13:52:40|   0.0|  0.0|INFORM|FME API version of module 'PointCloudEvaluationFactory' matches current internal version (4.0 20240212)
2024-07-16 13:52:40|   0.0|  0.0|INFORM|Loaded module 'TransformPointCloud_func' from file '/opt/fme-form-2024/plugins/transformpointcloud_func.so'
2024-07-16 13:52:40|   0.0|  0.0|INFORM|FME API version of module 'TransformPointCloud_func' matches current internal version (4.0 20240212)
2024-07-16 13:52:40|   0.0|  0.0|INFORM|Emptying factory pipeline
2024-07-16 13:52:40|   0.0|  0.0|STATS |Router and Unexpected Input Remover (RoutingFactory): Tested 0 input feature(s), wrote 0 output feature(s): 0 matched merge filters, 0 were routed to output, 0 could not be routed.
2024-07-16 13:52:40|   0.0|  0.0|STATS |Unwanted Router Input Nuker (TeeFactory): Cloned 0 input feature(s) into 0 output feature(s)
2024-07-16 13:52:40|   0.0|  0.0|STATS |TIFF_TIFF_1 Splitter (TeeFactory): Cloned 0 input feature(s) into 0 output feature(s)
2024-07-16 13:52:40|   0.0|  0.0|STATS |SS_TidalBoundary_SHAPEFILE_2 Splitter (TeeFactory): Cloned 0 input feature(s) into 0 output feature(s)
2024-07-16 13:52:40|   0.0|  0.0|STATS |TIFF_TIFF_5 Splitter (TeeFactory): Cloned 0 input feature(s) into 0 output feature(s)
2024-07-16 13:52:40|   0.0|  0.0|STATS |Output_GML_3 Splitter (TeeFactory): Cloned 0 input feature(s) into 0 output feature(s)
2024-07-16 13:52:40|   0.0|  0.0|STATS |SS_TidalWater_SHAPEFILE_1 Splitter (TeeFactory): Cloned 0 input feature(s) into 0 output feature(s)
2024-07-16 13:52:40|   0.3|  0.3|STATS |Restoring 39 feature(s) from FME feature store file `/tmp/wb-cache-Bude2Minecraft-TSFkKn/Main_MinecraftStyler_6 -1 10 fo 0 Styled  0  1972fec0fb043e099007e2f285d429da44ed8883.ffs'
2024-07-16 13:52:40|   0.4|  0.1|STATS |Restoring 39 feature(s) from FME feature store file `/tmp/wb-cache-Bude2Minecraft-TSFkKn/Main_MinecraftStyler_6 -1 10 fo 0 Styled  0  1972fec0fb043e099007e2f285d429da44ed8883.ffs'
2024-07-16 13:52:40|   0.4|  0.0|STATS |Restoring 12 feature(s) from FME feature store file `/tmp/wb-cache-Bude2Minecraft-TSFkKn/Main_redSand -1 287 fo 0 OUTPUT  0  0a9a46c01c149f648a7b05340deee061560f65cd.ffs'
2024-07-16 13:52:40|   0.4|  0.0|WARN  |Clipper_3 (ClipperFactory): Bulk features are not supported for input port 'CLIPPER'
2024-07-16 13:52:40|   0.4|  0.0|INFORM|Clipper_3 (ClipperFactory): Splitting bulk features into individual features
2024-07-16 13:52:40|   0.4|  0.0|INFORM|Clipper_3 (ClipperFactory): Splitting bulk features into individual features
2024-07-16 13:52:40|   0.4|  0.0|INFORM|FFS writer: Writing 8 feature(s) to file '/tmp/wb-cache-Bude2Minecraft-TSFkKn/Main_Cloner -1 66 fo 0 COPY  0  6fd25cbda0949275679ae9481c6e2439ed201b5d.fts'
2024-07-16 13:52:40|   0.4|  0.0|INFORM|Spatial Index: Adding 8 features
2024-07-16 13:52:40|   0.4|  0.0|INFORM|Spatial Index: Adding 7 features
2024-07-16 13:52:40|   0.4|  0.0|INFORM|FFS writer: Writing 14 feature(s) to file '/tmp/wb-cache-Bude2Minecraft-TSFkKn/Main_Cloner -1 66 fo 0 COPY  0  6fd25cbda0949275679ae9481c6e2439ed201b5d_1.fts'
2024-07-16 13:52:40|   0.4|  0.0|INFORM|Spatial Index: Adding 14 features
2024-07-16 13:52:40|   0.4|  0.0|STATS |Cloner_Cloner (TeeFactory): Cloned 48 input feature(s) into 96 output feature(s)
2024-07-16 13:52:40|   0.4|  0.0|INFORM|Clipper_3 (ClipperFactory): Clipping with an automatic tolerance of 5.500000000000003e-10
2024-07-16 13:52:40|   0.4|  0.0|INFORM|Clipper_3 (ClipperFactory): Clipping with an automatic tolerance of 5.501684750000017e-10
2024-07-16 13:52:40|   0.4|  0.0|INFORM|Clipper_3 (ClipperFactory): Clipping with an automatic tolerance of 5.518807249999998e-10
2024-07-16 13:52:40|   0.4|  0.0|STATS |Restoring 2 feature(s) from FME feature store file `/tmp/wb-cache-Bude2Minecraft-TSFkKn/Main_Scaler_2 -1 255 fo 0 SCALED  0  b3df61b008cc8b1964b773a26f7ae21ee6329c51.ffs'
2024-07-16 13:52:40|   0.5|  0.1|INFORM|Creating reader for format: TIFF (Tagged Image File Format)
2024-07-16 13:52:40|   0.5|  0.0|INFORM|Trying to find a DYNAMIC plugin for reader named `TIFF'
2024-07-16 13:52:40|   0.5|  0.0|INFORM|Loaded module 'TIFF' from file '/opt/fme-form-2024/plugins/gdal/gdal.so'
2024-07-16 13:52:40|   0.5|  0.0|INFORM|FME API version of module 'gdal/GDAL' matches current internal version (4.0 20240212)
2024-07-16 13:52:40|   0.5|  0.0|INFORM|TIFF reader: Directive '_LENIENT_READ' has value 'Yes'
2024-07-16 13:52:40|   0.5|  0.0|INFORM|TIFF reader: Opening file '/home/joe/Documents/GitHub/CoastCraft/data/LIDAR/DTM/SS20nw_DTM_1m.tif'
2024-07-16 13:52:40|   0.5|  0.0|INFORM|The EPSG number of the FME coordinate system 'OSGB-GPS-2015-OSTN15' is '27700'
2024-07-16 13:52:40|   0.5|  0.0|INFORM|Successfully read world file '/home/joe/Documents/GitHub/CoastCraft/data/LIDAR/DTM/SS20nw_DTM_1m.tfw'
2024-07-16 13:52:40|   0.5|  0.0|INFORM|FME Configuration: Source coordinate system for reader R_1[TIFF] set to `OSGB-GPS-2015-OSTN15' as read from input data
2024-07-16 13:52:40|   0.5|  0.0|INFORM|Coordinate System `OSGB-GPS-2015-OSTN15' parameters: CS_NAME=`OSGB-GPS-2015-OSTN15' DESC_NM=`British National Grid (ETRS89 <-> OSGB via OSTN15)' DT_NAME=`ETRS89/01' GROUP=`EUROPE' MAP_SCL=`1' MAX_LAT=`61.14' MAX_LNG=`2.88' MIN_LAT=`49.75' MIN_LNG=`-9.2' PROJ=`OSTN15' QUAD=`1' SCL_RED=`1' SOURCE=`Ordnance Survey, Transformations and OSGM15 User Guide' UNIT=`METER' ZERO_X=`0.001' ZERO_Y=`0.001'
2024-07-16 13:52:40|   0.5|  0.0|STATS |Restoring 333 feature(s) from FME feature store file `/tmp/wb-cache-Bude2Minecraft-TSFkKn/Main_MinecraftStyler_3 -1 6 fo 0 Styled  0  fbbfb7339ffd477926f180ca322dc4ea8b508134.ffs'
2024-07-16 13:52:40|   0.5|  0.0|STATS |Restoring 12 feature(s) from FME feature store file `/tmp/wb-cache-Bude2Minecraft-TSFkKn/Main_MinecraftStyler_2 -1 7 fo 0 Styled  0  d98d988ace3c7a7473fe3063de068ce1578937d6.ffs'
2024-07-16 13:52:40|   0.5|  0.0|STATS |Restoring 9 feature(s) from FME feature store file `/tmp/wb-cache-Bude2Minecraft-TSFkKn/Main_MinecraftStyler_4 -1 8 fo 0 Styled  0  cdf2ce28ef15850cf618069ed552e21fb9236b02.ffs'
2024-07-16 13:52:40|   0.5|  0.0|STATS |Restoring 333 feature(s) from FME feature store file `/tmp/wb-cache-Bude2Minecraft-TSFkKn/Main_Grass_Block -1 9 fo 0 Styled  0  c46fac05a395d751b0d370eb0b382331cc49513b.ffs'
2024-07-16 13:52:40|   0.5|  0.0|STATS |Restoring 1415 feature(s) from FME feature store file `/tmp/wb-cache-Bude2Minecraft-TSFkKn/Main_Podzol -1 11 fo 0 Styled  0  ad09cd6cbb38f1affc16403f3bfc92f0c6841efe.ffs'
2024-07-16 13:52:40|   0.5|  0.0|STATS |Restoring 126 feature(s) from FME feature store file `/tmp/wb-cache-Bude2Minecraft-TSFkKn/Main_MinecraftStyler_10 -1 13 fo 0 Styled  0  0f6be60f2827e7b114f3503071a700f305b1fd51.ffs'
2024-07-16 13:52:40|   0.5|  0.0|STATS |Restoring 206 feature(s) from FME feature store file `/tmp/wb-cache-Bude2Minecraft-TSFkKn/Main_MinecraftStyler_12 -1 14 fo 0 Styled  0  5b4537c20eafdc5701a618d03614bfe0fe3874eb.ffs'
2024-07-16 13:52:40|   0.5|  0.0|STATS |Restoring 21 feature(s) from FME feature store file `/tmp/wb-cache-Bude2Minecraft-TSFkKn/Main_AttributeCreator -1 15 fo 0 OUTPUT  0  dadc4c9dd053ab21a7e641116087a200237f9906.ffs'
2024-07-16 13:52:40|   0.5|  0.0|STATS |Restoring 21 feature(s) from FME feature store file `/tmp/wb-cache-Bude2Minecraft-TSFkKn/Main_AttributeCreator_2 -1 16 fo 0 OUTPUT  0  cd78409c70663f379c8b9a4facb37907d472ffa8.ffs'
2024-07-16 13:52:40|   0.5|  0.0|STATS |Restoring 34 feature(s) from FME feature store file `/tmp/wb-cache-Bude2Minecraft-TSFkKn/Main_StoneBricks -1 57 fo 0 OUTPUT  0  003a3978a77804dad6bd3e401bfe442eaf0ad514.ffs'
2024-07-16 13:52:40|   0.5|  0.0|STATS |Restoring 319 feature(s) from FME feature store file `/tmp/wb-cache-Bude2Minecraft-TSFkKn/Main_Light_Gray_Concrete -1 58 fo 0 OUTPUT  0  95a00f53dcc18849a4122c44a5ad8e5fb99f94e1.ffs'
2024-07-16 13:52:40|   0.5|  0.0|STATS |Restoring 16 feature(s) from FME feature store file `/tmp/wb-cache-Bude2Minecraft-TSFkKn/Main_Gravel -1 59 fo 0 OUTPUT  0  69043f8e72f7915749b6cfcd74087ac49203d8f6.ffs'
2024-07-16 13:52:40|   0.5|  0.0|STATS |Restoring 100 feature(s) from FME feature store file `/tmp/wb-cache-Bude2Minecraft-TSFkKn/Main_Clipper_6 -1 312 fo 1 OUTSIDE  0  66435cd276c62a5fa9ba27c24f591fdc62e9972c.ffs'
2024-07-16 13:52:40|   0.5|  0.0|STATS |Restoring 2 feature(s) from FME feature store file `/tmp/wb-cache-Bude2Minecraft-TSFkKn/Main_Sparse_Treed_area -1 246 fo 0 OUTPUT  0  7a96f3a911e4fc29ccaebe62b1b84e0153730728.ffs'
2024-07-16 13:52:40|   0.5|  0.0|STATS |Restoring 7 feature(s) from FME feature store file `/tmp/wb-cache-Bude2Minecraft-TSFkKn/Main_Gravel_2 -1 274 fo 0 OUTPUT  0  6a70a51a3bdc150ddad930152e445c9804c3d5cc.ffs'
2024-07-16 13:52:40|   0.7|  0.2|INFORM|Creating reader for format: TIFF (Tagged Image File Format)
2024-07-16 13:52:40|   0.7|  0.0|INFORM|Trying to find a DYNAMIC plugin for reader named `TIFF'
2024-07-16 13:52:40|   0.7|  0.0|INFORM|TIFF reader: Directive '_LENIENT_READ' has value 'Yes'
2024-07-16 13:52:40|   0.7|  0.0|INFORM|TIFF reader: Opening file '/home/joe/Documents/GitHub/CoastCraft/data/LIDAR/DTM/SS10ne_DTM_1m.tif'
2024-07-16 13:52:40|   0.7|  0.0|INFORM|Successfully read world file '/home/joe/Documents/GitHub/CoastCraft/data/LIDAR/DTM/SS10ne_DTM_1m.tfw'
2024-07-16 13:52:40|   0.7|  0.0|INFORM|FME Configuration: Source coordinate system for reader R_2[TIFF] set to `OSGB-GPS-2015-OSTN15' as read from input data
2024-07-16 13:52:41|   0.7|  0.0|INFORM|Coordinate System `OSGB-GPS-2015-OSTN15' parameters: CS_NAME=`OSGB-GPS-2015-OSTN15' DESC_NM=`British National Grid (ETRS89 <-> OSGB via OSTN15)' DT_NAME=`ETRS89/01' GROUP=`EUROPE' MAP_SCL=`1' MAX_LAT=`61.14' MAX_LNG=`2.88' MIN_LAT=`49.75' MIN_LNG=`-9.2' PROJ=`OSTN15' QUAD=`1' SCL_RED=`1' SOURCE=`Ordnance Survey, Transformations and OSGM15 User Guide' UNIT=`METER' ZERO_X=`0.001' ZERO_Y=`0.001'
2024-07-16 13:52:41|   0.7|  0.0|INFORM|Clipper_3 (ClipperFactory): Clipping with an automatic tolerance of 5.502417475000001e-10
2024-07-16 13:52:41|   0.7|  0.0|INFORM|Clipper_3 (ClipperFactory): Clipping with an automatic tolerance of 5.518807249999998e-10
2024-07-16 13:52:41|   0.7|  0.0|INFORM|Spatial Index: Adding 21 features
2024-07-16 13:52:41|   0.7|  0.0|INFORM|... Last line repeated 2 times ...
2024-07-16 13:52:41|   0.7|  0.0|INFORM|FFS writer: Writing 21 feature(s) to file '/tmp/wb-cache-Bude2Minecraft-TSFkKn/MinecraftRasterizer_BoundingBoxAccumulator 0 25 fo 1 ORIGINAL  0  58a1a2659b3add2165c1c4c5c61fa0122d32b1bd.fts'
2024-07-16 13:52:41|   0.7|  0.0|INFORM|Spatial Index: Adding 21 features
2024-07-16 13:52:41|   0.7|  0.0|INFORM|MinecraftRasterizer_FeatureMerger (ReferenceFactory): Bulk features are not supported because Preserve Feature Order is set to Across Output Ports. Upgrading the transformer to the most recent version and setting this to Per Output Port may improve performance
2024-07-16 13:52:41|   0.7|  0.0|INFORM|Clipper_3 (ClipperFactory): Clipped 48 additional times with automatic tolerances between 5.500916750000013e-10 and 5.52485e-10
2024-07-16 13:52:41|   0.7|  0.0|STATS |MinecraftRasterizer VectorInput Input Collector (TeeFactory): Cloned 3017 input feature(s) into 3017 output feature(s)
2024-07-16 13:52:41|   0.7|  0.0|STATS |MinecraftRasterizer DEM Input Collector (TeeFactory): Cloned 2 input feature(s) into 2 output feature(s)
2024-07-16 13:52:41|   0.7|  0.0|STATS |MinecraftRasterizer_VectorInput1721134359 Input Splitter (TeeFactory): Cloned 3017 input feature(s) into 6034 output feature(s)
2024-07-16 13:52:41|   0.7|  0.0|STATS |MinecraftRasterizer_DEM1721134359 Input Splitter (TeeFactory): Cloned 2 input feature(s) into 4 output feature(s)
2024-07-16 13:52:41|   0.7|  0.0|STATS |MinecraftRasterizer_BoundsExtractor (TeeFactory): Cloned 1 input feature(s) into 1 output feature(s)
2024-07-16 13:52:41|   0.8|  0.1|INFORM|Spatial Index: Adding 21 features
2024-07-16 13:52:41|   0.8|  0.0|INFORM|MinecraftRasterizer_Sorter (SortFactory): Bulk features are not supported because an incompatible feature was received (e.g. an individual feature, or a feature with a different coordinate system)
2024-07-16 13:52:41|   0.8|  0.0|INFORM|MinecraftRasterizer_Sorter (SortFactory): Splitting bulk features into individual features
2024-07-16 13:52:41|   0.8|  0.0|STATS |MinecraftRasterizer_FeatureMerger (ReferenceFactory): Total Results: 3017 Complete Feature(s), 0 Incomplete Feature(s), 1 Referenced Feature(s), 0 Unreferenced Feature(s), 0 Referencer Feature(s) (NO REFERENCES), 0 Referencee Feature(s) (NO Referencee fields defined), and 0 Duplicate Referencee Feature(s)
2024-07-16 13:52:41|   0.8|  0.0|INFORM|MinecraftRasterizer_Sorter (SortFactory): Starting sorting 3017 feature(s)
2024-07-16 13:52:41|   0.8|  0.0|INFORM|MinecraftRasterizer_Sorter (SortFactory): Done sorting 3017 feature(s)
2024-07-16 13:52:41|   1.1|  0.3|STATS |MinecraftRasterizer_Sorter (SortFactory): Finished sorting a total of 3017 features.
2024-07-16 13:52:41|   1.1|  0.0|STATS |MinecraftRasterizer_Sorter SORTED Splitter (TeeFactory): Cloned 3017 input feature(s) into 9051 output feature(s)
2024-07-16 13:52:41|   1.1|  0.0|STATS |MinecraftRasterizer_3DForcer_3 (TeeFactory): Cloned 3017 input feature(s) into 3017 output feature(s)
2024-07-16 13:52:41|   1.3|  0.2|STATS |MinecraftRasterizer_NumericRasterizer_3 (VectorToRasterFactory): 3110 input feature(s) processed.  0 input feature(s) with invalid geometry discarded.  0 input feature(s) not compatible with the raster interpretation discarded.  1 raster(s) output
2024-07-16 13:52:41|   1.3|  0.0|STATS |MinecraftRasterizer_3DForcer (TeeFactory): Cloned 3017 input feature(s) into 3017 output feature(s)
2024-07-16 13:52:41|   1.5|  0.2|STATS |MinecraftRasterizer_NumericRasterizer (VectorToRasterFactory): 3110 input feature(s) processed.  0 input feature(s) with invalid geometry discarded.  0 input feature(s) not compatible with the raster interpretation discarded.  1 raster(s) output
2024-07-16 13:52:41|   1.5|  0.0|STATS |MinecraftRasterizer_3DForcer_2 (TeeFactory): Cloned 3017 input feature(s) into 3017 output feature(s)
2024-07-16 13:52:41|   1.5|  0.0|WARN  |MinecraftRasterizer_NumericRasterizer_2 (VectorToRasterFactory): 23 input feature(s) were discarded because they were not compatible with any band in the raster.  Bands with a color interpretation require vector input features with an 'fme_color' attribute.  Bands with a numeric interpretation require vector input features that have Z coordinates
2024-07-16 13:52:45|   4.9|  3.4|STATS |MinecraftRasterizer_NumericRasterizer_2 (VectorToRasterFactory): 3110 input feature(s) processed.  0 input feature(s) with invalid geometry discarded.  23 input feature(s) not compatible with the raster interpretation discarded.  1 raster(s) output
2024-07-16 13:52:45|   4.9|  0.0|STATS |MinecraftRasterizer_RasterSelector (TeeFactory): Cloned 1 input feature(s) into 1 output feature(s)
2024-07-16 13:52:45|   4.9|  0.0|STATS |MinecraftRasterizer_RasterBandNameSetter (TeeFactory): Cloned 1 input feature(s) into 1 output feature(s)
2024-07-16 13:52:45|   4.9|  0.0|STATS |MinecraftRasterizer_RasterSelector_2 (TeeFactory): Cloned 1 input feature(s) into 1 output feature(s)
2024-07-16 13:52:45|   4.9|  0.0|STATS |MinecraftRasterizer_RasterBandNameSetter_2 (TeeFactory): Cloned 1 input feature(s) into 1 output feature(s)
2024-07-16 13:52:45|   4.9|  0.0|STATS |MinecraftRasterizer_RasterSelector_4 (TeeFactory): Cloned 1 input feature(s) into 1 output feature(s)
2024-07-16 13:52:45|   4.9|  0.0|STATS |MinecraftRasterizer_RasterBandNameSetter_3 (TeeFactory): Cloned 1 input feature(s) into 1 output feature(s)
2024-07-16 13:52:45|   4.9|  0.0|STATS |MinecraftRasterizer_RasterSelector_3 (TeeFactory): Cloned 1 input feature(s) into 1 output feature(s)
2024-07-16 13:52:45|   4.9|  0.0|STATS |MinecraftRasterizer_Clipper_ClipperCloner (TeeFactory): Cloned 2 input feature(s) into 4 output feature(s)
2024-07-16 13:52:45|   4.9|  0.0|STATS |MinecraftRasterizer_Clipper_SolidClipperFilter (TestFactory): Tested 2 input feature(s) -- 0 feature(s) passed and 2 feature(s) failed
2024-07-16 13:52:45|   4.9|  0.0|STATS |MinecraftRasterizer_Clipper_ClippeeFilter (TestFactory): Tested 1 input feature(s) -- 1 feature(s) passed and 0 feature(s) failed
2024-07-16 13:52:45|   5.3|  0.4|STATS |MinecraftRasterizer_Clipper_Vector (ClippingFactory): Processed 0 input feature(s), of which 0 feature(s) were clipped, 0 feature(s) were totally inside and 0 feature(s) were totally outside
2024-07-16 13:52:45|   5.3|  0.0|STATS |MinecraftRasterizer_Clipper_Nuker (TeeFactory): Cloned 0 input feature(s) into 0 output feature(s)
2024-07-16 13:52:45|   5.3|  0.0|INFORM|PointCloudCombiner: Converting component 'x' from type 'UInt16' to 'Real64'.  If this conversion is undesired, consider changing the type explicitly
2024-07-16 13:52:45|   5.4|  0.1|INFORM|PointCloudCombiner: Converting component 'x' from type 'UInt8' to 'Real64'.  If this conversion is undesired, consider changing the type explicitly
2024-07-16 13:52:45|   5.4|  0.0|INFORM|FFS writer: Writing point cloud with 3459040 point(s) to file '/tmp/wb-cache-Bude2Minecraft-TSFkKn/MinecraftRasterizer_PointCloudCombiner 0 14 fo 0 OUTPUT  0  14a2364c275cbec55564015124f1d15387245191.fps'
2024-07-16 13:52:45|   5.5|  0.1|INFORM|FFS writer: Writing point cloud with 3459040 point(s) to file '/tmp/wb-cache-Bude2Minecraft-TSFkKn/MinecraftRasterizer_PointCloudOnRasterComponentSette 0 15 fo 0 PointCloud  0  b65853d0a525d95101ffa23f7c1f680c65065008.fps'
2024-07-16 13:52:47|   6.7|  1.2|INFORM|FFS writer: Writing point cloud with 382233 point(s) to file '/tmp/wb-cache-Bude2Minecraft-TSFkKn/MinecraftRasterizer_PointCloudFilter_2 0 33 fo 2 Farmland  0  f34105d99398651973cbaca7eec47f0ce4b31cb7.fps'
2024-07-16 13:52:47|   6.7|  0.0|INFORM|FFS writer: Writing point cloud with 382233 point(s) to file '/tmp/wb-cache-Bude2Minecraft-TSFkKn/MinecraftRasterizer_PointCloudExpressionEvaluator_5 0 32 fo 0 RESULT  0  19da37451f357e18d7bf8c1012680249ae7f5ca6.fps'
2024-07-16 13:52:47|   6.8|  0.1|INFORM|FFS writer: Writing point cloud with 164339 point(s) to file '/tmp/wb-cache-Bude2Minecraft-TSFkKn/MinecraftRasterizer_PointCloudFilter_2 0 33 fo 0 Trees  0  5aaf9898cd0cf88c5f8dfa42b884badbf12f544c.fps'
2024-07-16 13:52:47|   6.9|  0.1|INFORM|FFS writer: Writing point cloud with 164339 point(s) to file '/tmp/wb-cache-Bude2Minecraft-TSFkKn/MinecraftRasterizer_PointCloudExpressionEvaluator_4 0 29 fo 0 RESULT  0  23c18d3da89b6949b47aa128a1b6361f274368e1.fps'
2024-07-16 13:52:47|   6.9|  0.0|INFORM|FFS writer: Writing point cloud with 164339 point(s) to file '/tmp/wb-cache-Bude2Minecraft-TSFkKn/MinecraftRasterizer_PointCloudExpressionEvaluator_2 0 30 fo 0 RESULT  0  3fd215b61b4d67686f8ccc8e3ea73057e55fd052.fps'
2024-07-16 13:52:47|   6.9|  0.0|INFORM|FFS writer: Writing point cloud with 164339 point(s) to file '/tmp/wb-cache-Bude2Minecraft-TSFkKn/MinecraftRasterizer_PointCloudExpressionEvaluator 0 28 fo 0 RESULT  0  38387fe234a2aab0cc1bda6ef844f16d566b8529.fps'
2024-07-16 13:52:47|   6.9|  0.0|INFORM|FFS writer: Writing point cloud with 887653 point(s) to file '/tmp/wb-cache-Bude2Minecraft-TSFkKn/MinecraftRasterizer_PointCloudFilter_2 0 33 fo 5 Water  0  1fd2fd374275802c24d8c6461da42b5118bc92ee.fps'
2024-07-16 13:52:47|   7.0|  0.1|INFORM|FFS writer: Writing point cloud with 643637 point(s) to file '/tmp/wb-cache-Bude2Minecraft-TSFkKn/MinecraftRasterizer_PointCloudFilter 0 35 fo 9 -9  0  451bd43bc961ea13fde2da4b89318b03910548ce.fps'
2024-07-16 13:52:47|   7.0|  0.0|INFORM|FFS writer: Writing point cloud with 643637 point(s) to file '/tmp/wb-cache-Bude2Minecraft-TSFkKn/MinecraftRasterizer_Cloner_9 0 44 fo 0 COPY  0  aa7d5088ee72d28cc30a0043b6ca52d6337d7f91.fps'
2024-07-16 13:52:47|   7.0|  0.0|INFORM|FFS writer: Writing point cloud with 643637 point(s) to file '/tmp/wb-cache-Bude2Minecraft-TSFkKn/MinecraftRasterizer_PointCloudExpressionEvaluator_9 0 46 fo 0 RESULT  0  af9e472c26a1031053b9b60531dadcabf09e82e0.fps'
2024-07-16 13:52:47|   7.0|  0.0|INFORM|FFS writer: Writing point cloud with 643637 point(s) to file '/tmp/wb-cache-Bude2Minecraft-TSFkKn/MinecraftRasterizer_Cloner_9 0 44 fo 0 COPY  0  aa7d5088ee72d28cc30a0043b6ca52d6337d7f91_1.fps'
2024-07-16 13:52:47|   7.0|  0.0|INFORM|FFS writer: Writing point cloud with 643637 point(s) to file '/tmp/wb-cache-Bude2Minecraft-TSFkKn/MinecraftRasterizer_PointCloudExpressionEvaluator_9 0 46 fo 0 RESULT  0  af9e472c26a1031053b9b60531dadcabf09e82e0_1.fps'
2024-07-16 13:52:47|   7.0|  0.0|INFORM|FFS writer: Writing point cloud with 244016 point(s) to file '/tmp/wb-cache-Bude2Minecraft-TSFkKn/MinecraftRasterizer_PointCloudFilter 0 35 fo 10 -10  0  7e096eb37a6c4d9aecd194e878d38d3cadc500be.fps'
2024-07-16 13:52:47|   7.0|  0.0|INFORM|FFS writer: Writing point cloud with 244016 point(s) to file '/tmp/wb-cache-Bude2Minecraft-TSFkKn/MinecraftRasterizer_Cloner-10 0 45 fo 0 COPY  0  738b48b7ede41279290036496820e83d58e06261.fps'
2024-07-16 13:52:47|   7.0|  0.0|INFORM|FFS writer: Writing point cloud with 244016 point(s) to file '/tmp/wb-cache-Bude2Minecraft-TSFkKn/MinecraftRasterizer_PointCloudExpressionEvaluator_9 0 46 fo 0 RESULT  0  af9e472c26a1031053b9b60531dadcabf09e82e0_2.fps'
2024-07-16 13:52:47|   7.2|  0.2|INFORM|FFS writer: Writing point cloud with 384495 point(s) to file '/tmp/wb-cache-Bude2Minecraft-TSFkKn/MinecraftRasterizer_PointCloudFilter_2 0 33 fo 6 Sparse_lt_space_gt_Trees  0  20e24a8104c2b33b7342f56e9b7b4a48796cfa98.fps'
2024-07-16 13:52:47|   7.2|  0.0|INFORM|FFS writer: Writing point cloud with 384495 point(s) to file '/tmp/wb-cache-Bude2Minecraft-TSFkKn/MinecraftRasterizer_PointCloudExpressionEvaluator_8 0 129 fo 0 RESULT  0  56bbb4c5301cd4c7679583b4a4486a38ae7f7a12.fps'
2024-07-16 13:52:47|   7.2|  0.0|INFORM|FFS writer: Writing point cloud with 384495 point(s) to file '/tmp/wb-cache-Bude2Minecraft-TSFkKn/MinecraftRasterizer_PointCloudExpressionEvaluator_10 0 130 fo 0 RESULT  0  789cf45fa23210b41e2e7d1db643600139f7a77c.fps'
2024-07-16 13:52:47|   7.2|  0.0|INFORM|FFS writer: Writing point cloud with 384495 point(s) to file '/tmp/wb-cache-Bude2Minecraft-TSFkKn/MinecraftRasterizer_PointCloudExpressionEvaluator_7 0 128 fo 0 RESULT  0  317512f0a9f583465015a711b261bae4c68e5c5c.fps'
2024-07-16 13:52:47|   7.2|  0.0|INFORM|FFS writer: Writing point cloud with 1640320 point(s) to file '/tmp/wb-cache-Bude2Minecraft-TSFkKn/MinecraftRasterizer_PointCloudFilter_2 0 33 fo 1 _lt_UNFILTERED_gt_  0  84a40962efc6235afb4b21ee5d16a0f857452062.fps'
2024-07-16 13:52:47|   7.3|  0.1|STATS |MinecraftRasterizer_PointCloudFilter_2_TestFactory_0 (TestFactory): Tested 5 input feature(s) -- 1 feature(s) passed and 4 feature(s) failed
2024-07-16 13:52:47|   7.3|  0.0|STATS |MinecraftRasterizer_PointCloudFilter_2_TestFactory_1 (TestFactory): Tested 4 input feature(s) -- 0 feature(s) passed and 4 feature(s) failed
2024-07-16 13:52:47|   7.3|  0.0|STATS |MinecraftRasterizer_PointCloudFilter_2_TestFactory_2 (TestFactory): Tested 4 input feature(s) -- 1 feature(s) passed and 3 feature(s) failed
2024-07-16 13:52:47|   7.3|  0.0|STATS |MinecraftRasterizer_PointCloudFilter_2_TestFactory_3 (TestFactory): Tested 3 input feature(s) -- 1 feature(s) passed and 2 feature(s) failed
2024-07-16 13:52:47|   7.3|  0.0|STATS |MinecraftRasterizer_PointCloudFilter_2_TestFactory_4 (TestFactory): Tested 2 input feature(s) -- 1 feature(s) passed and 1 feature(s) failed
2024-07-16 13:52:47|   7.3|  0.0|STATS |MinecraftRasterizer_PointCloudFilter_2_UNFILTERED (TeeFactory): Cloned 1 input feature(s) into 1 output feature(s)
2024-07-16 13:52:47|   7.3|  0.0|STATS |MinecraftRasterizer_PointCloudFilter_2 Trees Splitter (TeeFactory): Cloned 1 input feature(s) into 2 output feature(s)
2024-07-16 13:52:47|   7.3|  0.0|STATS |MinecraftRasterizer_PointCloudFilter_2 Farmland Splitter (TeeFactory): Cloned 1 input feature(s) into 3 output feature(s)
2024-07-16 13:52:47|   7.3|  0.0|STATS |MinecraftRasterizer_PointCloudFilter_2 Sparse Trees Splitter (TeeFactory): Cloned 1 input feature(s) into 2 output feature(s)
2024-07-16 13:52:47|   7.3|  0.0|STATS |MinecraftRasterizer_PointCloudExpressionEvaluator_6 (Disabled) Nuker (TeeFactory): Cloned 1 input feature(s) into 0 output feature(s)
2024-07-16 13:52:47|   7.3|  0.0|STATS |MinecraftRasterizer_PointCloudFilter_TestFactory_0 (TestFactory): Tested 2 input feature(s) -- 0 feature(s) passed and 2 feature(s) failed
2024-07-16 13:52:47|   7.3|  0.0|STATS |MinecraftRasterizer_PointCloudFilter_TestFactory_1 (TestFactory): Tested 2 input feature(s) -- 0 feature(s) passed and 2 feature(s) failed
2024-07-16 13:52:47|   7.3|  0.0|STATS |MinecraftRasterizer_PointCloudFilter_TestFactory_2 (TestFactory): Tested 2 input feature(s) -- 0 feature(s) passed and 2 feature(s) failed
2024-07-16 13:52:47|   7.3|  0.0|STATS |MinecraftRasterizer_PointCloudFilter_TestFactory_3 (TestFactory): Tested 2 input feature(s) -- 0 feature(s) passed and 2 feature(s) failed
2024-07-16 13:52:47|   7.3|  0.0|STATS |MinecraftRasterizer_PointCloudFilter_TestFactory_4 (TestFactory): Tested 2 input feature(s) -- 0 feature(s) passed and 2 feature(s) failed
2024-07-16 13:52:47|   7.3|  0.0|STATS |MinecraftRasterizer_PointCloudFilter_TestFactory_5 (TestFactory): Tested 2 input feature(s) -- 0 feature(s) passed and 2 feature(s) failed
2024-07-16 13:52:47|   7.3|  0.0|STATS |MinecraftRasterizer_PointCloudFilter_TestFactory_6 (TestFactory): Tested 2 input feature(s) -- 0 feature(s) passed and 2 feature(s) failed
2024-07-16 13:52:47|   7.3|  0.0|STATS |MinecraftRasterizer_PointCloudFilter_TestFactory_7 (TestFactory): Tested 2 input feature(s) -- 0 feature(s) passed and 2 feature(s) failed
2024-07-16 13:52:47|   7.3|  0.0|STATS |MinecraftRasterizer_PointCloudFilter_TestFactory_8 (TestFactory): Tested 2 input feature(s) -- 0 feature(s) passed and 2 feature(s) failed
2024-07-16 13:52:47|   7.3|  0.0|STATS |MinecraftRasterizer_PointCloudFilter_TestFactory_9 (TestFactory): Tested 2 input feature(s) -- 1 feature(s) passed and 1 feature(s) failed
2024-07-16 13:52:47|   7.3|  0.0|STATS |MinecraftRasterizer_PointCloudFilter_TestFactory_10 (TestFactory): Tested 1 input feature(s) -- 1 feature(s) passed and 0 feature(s) failed
2024-07-16 13:52:47|   7.3|  0.0|STATS |MinecraftRasterizer_PointCloudFilter_UNFILTERED (TeeFactory): Cloned 0 input feature(s) into 0 output feature(s)
2024-07-16 13:52:47|   7.3|  0.0|STATS |MinecraftRasterizer_Cloner_Cloner (TeeFactory): Cloned 0 input feature(s) into 0 output feature(s)
2024-07-16 13:52:47|   7.3|  0.0|STATS |MinecraftRasterizer_Cloner_2_Cloner (TeeFactory): Cloned 0 input feature(s) into 0 output feature(s)
2024-07-16 13:52:47|   7.3|  0.0|STATS |MinecraftRasterizer_Cloner_3_Cloner (TeeFactory): Cloned 0 input feature(s) into 0 output feature(s)
2024-07-16 13:52:47|   7.3|  0.0|STATS |MinecraftRasterizer_Cloner_4_Cloner (TeeFactory): Cloned 0 input feature(s) into 0 output feature(s)
2024-07-16 13:52:47|   7.3|  0.0|STATS |MinecraftRasterizer_Cloner_5_Cloner (TeeFactory): Cloned 0 input feature(s) into 0 output feature(s)
2024-07-16 13:52:47|   7.3|  0.0|STATS |MinecraftRasterizer_Cloner_6_Cloner (TeeFactory): Cloned 0 input feature(s) into 0 output feature(s)
2024-07-16 13:52:47|   7.3|  0.0|STATS |MinecraftRasterizer_Cloner_7_Cloner (TeeFactory): Cloned 0 input feature(s) into 0 output feature(s)
2024-07-16 13:52:47|   7.3|  0.0|STATS |MinecraftRasterizer_Cloner_8_Cloner (TeeFactory): Cloned 0 input feature(s) into 0 output feature(s)
2024-07-16 13:52:47|   7.3|  0.0|STATS |MinecraftRasterizer_Cloner_9_Cloner (TeeFactory): Cloned 1 input feature(s) into 2 output feature(s)
2024-07-16 13:52:47|   7.3|  0.0|STATS |MinecraftRasterizer_Cloner-10_Cloner (TeeFactory): Cloned 1 input feature(s) into 1 output feature(s)
2024-07-16 13:52:47|   7.3|  0.0|INFORM|PointCloudCombiner: Converting component 'blockID' from type 'UInt8' to 'UInt16'.  If this conversion is undesired, consider changing the type explicitly
2024-07-16 13:52:47|   7.3|  0.0|INFORM|PointCloudCombiner: Converting component 'blockData' from type 'UInt8' to 'UInt16'.  If this conversion is undesired, consider changing the type explicitly
2024-07-16 13:52:47|   7.3|  0.0|INFORM|PointCloudCombiner: Converting component 'vertical_offset' from type 'Int8' to 'Int32'.  If this conversion is undesired, consider changing the type explicitly
2024-07-16 13:52:47|   7.3|  0.0|INFORM|PointCloudCombiner: Converting component 'blockID' from type 'UInt8' to 'UInt16'.  If this conversion is undesired, consider changing the type explicitly
2024-07-16 13:52:47|   7.3|  0.0|INFORM|PointCloudCombiner: Converting component 'blockData' from type 'UInt8' to 'UInt16'.  If this conversion is undesired, consider changing the type explicitly
2024-07-16 13:52:47|   7.3|  0.0|INFORM|PointCloudCombiner: Converting component 'vertical_offset' from type 'UInt8' to 'Int32'.  If this conversion is undesired, consider changing the type explicitly
2024-07-16 13:52:47|   7.3|  0.0|INFORM|PointCloudCombiner: Converting component 'blockID' from type 'UInt8' to 'UInt16'.  If this conversion is undesired, consider changing the type explicitly
2024-07-16 13:52:47|   7.3|  0.0|INFORM|PointCloudCombiner: Converting component 'blockData' from type 'UInt8' to 'UInt16'.  If this conversion is undesired, consider changing the type explicitly
2024-07-16 13:52:47|   7.3|  0.0|INFORM|PointCloudCombiner: Converting component 'vertical_offset' from type 'Int8' to 'Int32'.  If this conversion is undesired, consider changing the type explicitly
2024-07-16 13:52:47|   7.3|  0.0|INFORM|PointCloudCombiner: Converting component 'blockID' from type 'UInt8' to 'UInt16'.  If this conversion is undesired, consider changing the type explicitly
2024-07-16 13:52:47|   7.3|  0.0|INFORM|PointCloudCombiner: Converting component 'blockData' from type 'UInt8' to 'UInt16'.  If this conversion is undesired, consider changing the type explicitly
2024-07-16 13:52:47|   7.3|  0.0|INFORM|PointCloudCombiner: Converting component 'vertical_offset' from type 'Int8' to 'Int32'.  If this conversion is undesired, consider changing the type explicitly
2024-07-16 13:52:47|   7.3|  0.0|INFORM|PointCloudCombiner: Converting component 'blockID' from type 'UInt8' to 'UInt16'.  If this conversion is undesired, consider changing the type explicitly
2024-07-16 13:52:47|   7.3|  0.0|INFORM|PointCloudCombiner: Converting component 'blockData' from type 'UInt8' to 'UInt16'.  If this conversion is undesired, consider changing the type explicitly
2024-07-16 13:52:47|   7.3|  0.0|INFORM|PointCloudCombiner: Converting component 'vertical_offset' from type 'Int8' to 'Int32'.  If this conversion is undesired, consider changing the type explicitly
2024-07-16 13:52:47|   7.3|  0.0|INFORM|PointCloudCombiner: Converting component 'blockID' from type 'UInt8' to 'UInt16'.  If this conversion is undesired, consider changing the type explicitly
2024-07-16 13:52:47|   7.3|  0.0|INFORM|PointCloudCombiner: Converting component 'blockData' from type 'UInt8' to 'UInt16'.  If this conversion is undesired, consider changing the type explicitly
2024-07-16 13:52:47|   7.3|  0.0|INFORM|PointCloudCombiner: Converting component 'vertical_offset' from type 'Int8' to 'Int32'.  If this conversion is undesired, consider changing the type explicitly
2024-07-16 13:52:47|   7.3|  0.0|INFORM|PointCloudCombiner: Converting component 'blockID' from type 'UInt8' to 'UInt16'.  If this conversion is undesired, consider changing the type explicitly
2024-07-16 13:52:47|   7.3|  0.0|INFORM|PointCloudCombiner: Converting component 'blockData' from type 'UInt8' to 'UInt16'.  If this conversion is undesired, consider changing the type explicitly
2024-07-16 13:52:47|   7.3|  0.0|INFORM|PointCloudCombiner: Converting component 'vertical_offset' from type 'UInt8' to 'Int32'.  If this conversion is undesired, consider changing the type explicitly
2024-07-16 13:52:47|   7.3|  0.0|INFORM|PointCloudCombiner: Converting component 'blockID' from type 'UInt8' to 'UInt16'.  If this conversion is undesired, consider changing the type explicitly
2024-07-16 13:52:47|   7.3|  0.0|INFORM|PointCloudCombiner: Converting component 'blockData' from type 'UInt8' to 'UInt16'.  If this conversion is undesired, consider changing the type explicitly
2024-07-16 13:52:47|   7.3|  0.0|INFORM|PointCloudCombiner: Converting component 'vertical_offset' from type 'Int8' to 'Int32'.  If this conversion is undesired, consider changing the type explicitly
2024-07-16 13:52:47|   7.3|  0.0|INFORM|FFS writer: Writing point cloud with 5033744 point(s) to file '/tmp/wb-cache-Bude2Minecraft-TSFkKn/MinecraftRasterizer_PointCloudCombiner_2 0 22 fo 0 OUTPUT  0  b1c0eb70ac226accc08cb4c11a74b6dae72f7422.fps'
2024-07-16 13:52:47|   7.5|  0.2|INFORM|FFS writer: Writing point cloud with 5033744 point(s) to file '/tmp/wb-cache-Bude2Minecraft-TSFkKn/MinecraftRasterizer_PointCloudExpressionEvaluator_11 0 139 fo 0 RESULT  0  9821a6cef04c10a6c0893e725407bbc2c902d326.fps'
2024-07-16 13:52:48|   7.8|  0.3|INFORM|FFS writer: Writing point cloud with 5033744 point(s) to file '/tmp/wb-cache-Bude2Minecraft-TSFkKn/Main_MinecraftRasterizer -1 5 fo 0 MinecraftPointCloud  0  d4b68b7997cbedabe658fb8f40be7f1a31b7c44a.fps'
2024-07-16 13:52:48|   7.9|  0.1|STATS |Restoring 1 feature(s) from FME feature store file `/tmp/wb-cache-Bude2Minecraft-TSFkKn/Main_Sorter -1 70 fo 0 SORTED  0  f8c5de75638c5528baa0c19daadd8e4510143f46.ffs'
2024-07-16 13:52:48|   7.9|  0.0|INFORM|FFS writer: Writing 1648525 feature(s) to file '/tmp/wb-cache-Bude2Minecraft-TSFkKn/Main_CoordinateSystemSetter -1 44 fo 0 OUTPUT  0  263c181a088548d65495036d14a5a9e4a132059f.fts'
2024-07-16 13:52:49|   9.1|  1.2|INFORM|Spatial Index: Adding 1648525 features
2024-07-16 13:52:50|  10.5|  1.4|INFORM|FFS writer: Writing 100000 feature(s) to file '/tmp/wb-cache-Bude2Minecraft-TSFkKn/Main_Offsetter -1 45 fo 0 OFFSET  0  a6b51fe062a60e8e021faabec013fcc4ffbdb905.fts'
2024-07-16 13:52:50|  10.5|  0.0|INFORM|Spatial Index: Adding 100000 features
2024-07-16 13:52:51|  10.5|  0.0|INFORM|PointCloudCombiner_9___VectorMerger (VectorToPointCloudFactory): Splitting bulk features into individual features
2024-07-16 13:52:51|  11.3|  0.8|INFORM|FFS writer: Writing 100000 feature(s) to file '/tmp/wb-cache-Bude2Minecraft-TSFkKn/Main_Offsetter -1 45 fo 0 OFFSET  0  a6b51fe062a60e8e021faabec013fcc4ffbdb905_1.fts'
2024-07-16 13:52:51|  11.4|  0.1|INFORM|Spatial Index: Adding 100000 features
2024-07-16 13:52:51|  11.4|  0.0|INFORM|PointCloudCombiner_9___VectorMerger (VectorToPointCloudFactory): Splitting bulk features into individual features
2024-07-16 13:52:52|  12.2|  0.8|INFORM|FFS writer: Writing 100000 feature(s) to file '/tmp/wb-cache-Bude2Minecraft-TSFkKn/Main_Offsetter -1 45 fo 0 OFFSET  0  a6b51fe062a60e8e021faabec013fcc4ffbdb905_2.fts'
2024-07-16 13:52:52|  12.2|  0.0|INFORM|Spatial Index: Adding 100000 features
2024-07-16 13:52:52|  12.3|  0.1|INFORM|PointCloudCombiner_9___VectorMerger (VectorToPointCloudFactory): Splitting bulk features into individual features
2024-07-16 13:52:53|  13.1|  0.8|INFORM|FFS writer: Writing 100000 feature(s) to file '/tmp/wb-cache-Bude2Minecraft-TSFkKn/Main_Offsetter -1 45 fo 0 OFFSET  0  a6b51fe062a60e8e021faabec013fcc4ffbdb905_3.fts'
2024-07-16 13:52:53|  13.1|  0.0|INFORM|Spatial Index: Adding 100000 features
2024-07-16 13:52:53|  13.2|  0.1|INFORM|PointCloudCombiner_9___VectorMerger (VectorToPointCloudFactory): Splitting bulk features into individual features
2024-07-16 13:52:54|  13.9|  0.7|INFORM|FFS writer: Writing 100000 feature(s) to file '/tmp/wb-cache-Bude2Minecraft-TSFkKn/Main_Offsetter -1 45 fo 0 OFFSET  0  a6b51fe062a60e8e021faabec013fcc4ffbdb905_4.fts'
2024-07-16 13:52:54|  14.0|  0.1|INFORM|Spatial Index: Adding 100000 features
2024-07-16 13:52:54|  14.0|  0.0|INFORM|PointCloudCombiner_9___VectorMerger (VectorToPointCloudFactory): Splitting bulk features into individual features
2024-07-16 13:52:55|  14.7|  0.7|INFORM|FFS writer: Writing 100000 feature(s) to file '/tmp/wb-cache-Bude2Minecraft-TSFkKn/Main_Offsetter -1 45 fo 0 OFFSET  0  a6b51fe062a60e8e021faabec013fcc4ffbdb905_5.fts'
2024-07-16 13:52:55|  14.8|  0.1|INFORM|Spatial Index: Adding 100000 features
2024-07-16 13:52:55|  14.9|  0.1|INFORM|PointCloudCombiner_9___VectorMerger (VectorToPointCloudFactory): Splitting bulk features into individual features
2024-07-16 13:52:55|  15.4|  0.5|INFORM|Offsetter_Offsetter: Processed 600000 features
2024-07-16 13:52:56|  15.6|  0.2|INFORM|FFS writer: Writing 100000 feature(s) to file '/tmp/wb-cache-Bude2Minecraft-TSFkKn/Main_Offsetter -1 45 fo 0 OFFSET  0  a6b51fe062a60e8e021faabec013fcc4ffbdb905_6.fts'
2024-07-16 13:52:56|  15.7|  0.1|INFORM|Spatial Index: Adding 100000 features
2024-07-16 13:52:56|  15.7|  0.0|INFORM|PointCloudCombiner_9___VectorMerger (VectorToPointCloudFactory): Splitting bulk features into individual features
2024-07-16 13:52:56|  16.5|  0.8|INFORM|FFS writer: Writing 100000 feature(s) to file '/tmp/wb-cache-Bude2Minecraft-TSFkKn/Main_Offsetter -1 45 fo 0 OFFSET  0  a6b51fe062a60e8e021faabec013fcc4ffbdb905_7.fts'
2024-07-16 13:52:56|  16.6|  0.1|INFORM|Spatial Index: Adding 100000 features
2024-07-16 13:52:57|  16.6|  0.0|INFORM|PointCloudCombiner_9___VectorMerger (VectorToPointCloudFactory): Splitting bulk features into individual features
2024-07-16 13:52:57|  17.3|  0.7|INFORM|FFS writer: Writing 100000 feature(s) to file '/tmp/wb-cache-Bude2Minecraft-TSFkKn/Main_Offsetter -1 45 fo 0 OFFSET  0  a6b51fe062a60e8e021faabec013fcc4ffbdb905_8.fts'
2024-07-16 13:52:57|  17.4|  0.1|INFORM|Spatial Index: Adding 100000 features
2024-07-16 13:52:57|  17.4|  0.0|INFORM|PointCloudCombiner_9___VectorMerger (VectorToPointCloudFactory): Splitting bulk features into individual features
2024-07-16 13:52:58|  18.1|  0.7|INFORM|FFS writer: Writing 100000 feature(s) to file '/tmp/wb-cache-Bude2Minecraft-TSFkKn/Main_Offsetter -1 45 fo 0 OFFSET  0  a6b51fe062a60e8e021faabec013fcc4ffbdb905_9.fts'
2024-07-16 13:52:58|  18.2|  0.1|INFORM|Spatial Index: Adding 100000 features
2024-07-16 13:52:58|  18.3|  0.1|INFORM|PointCloudCombiner_9___VectorMerger (VectorToPointCloudFactory): Splitting bulk features into individual features
2024-07-16 13:52:59|  19.0|  0.7|INFORM|FFS writer: Writing 100000 feature(s) to file '/tmp/wb-cache-Bude2Minecraft-TSFkKn/Main_Offsetter -1 45 fo 0 OFFSET  0  a6b51fe062a60e8e021faabec013fcc4ffbdb905_10.fts'
2024-07-16 13:52:59|  19.0|  0.0|INFORM|Spatial Index: Adding 100000 features
2024-07-16 13:52:59|  19.0|  0.0|INFORM|PointCloudCombiner_9___VectorMerger (VectorToPointCloudFactory): Splitting bulk features into individual features
2024-07-16 13:53:00|  19.7|  0.7|INFORM|FFS writer: Writing 100000 feature(s) to file '/tmp/wb-cache-Bude2Minecraft-TSFkKn/Main_Offsetter -1 45 fo 0 OFFSET  0  a6b51fe062a60e8e021faabec013fcc4ffbdb905_11.fts'
2024-07-16 13:53:00|  19.8|  0.1|INFORM|Spatial Index: Adding 100000 features
2024-07-16 13:53:00|  19.8|  0.0|INFORM|PointCloudCombiner_9___VectorMerger (VectorToPointCloudFactory): Splitting bulk features into individual features
2024-07-16 13:53:00|  20.3|  0.5|INFORM|Offsetter_Offsetter: Processed 1215211 features
2024-07-16 13:53:00|  20.5|  0.2|INFORM|FFS writer: Writing 100000 feature(s) to file '/tmp/wb-cache-Bude2Minecraft-TSFkKn/Main_Offsetter -1 45 fo 0 OFFSET  0  a6b51fe062a60e8e021faabec013fcc4ffbdb905_12.fts'
2024-07-16 13:53:01|  20.7|  0.2|INFORM|Spatial Index: Adding 100000 features
2024-07-16 13:53:01|  20.7|  0.0|INFORM|PointCloudCombiner_9___VectorMerger (VectorToPointCloudFactory): Splitting bulk features into individual features
2024-07-16 13:53:01|  21.4|  0.7|INFORM|FFS writer: Writing 100000 feature(s) to file '/tmp/wb-cache-Bude2Minecraft-TSFkKn/Main_Offsetter -1 45 fo 0 OFFSET  0  a6b51fe062a60e8e021faabec013fcc4ffbdb905_13.fts'
2024-07-16 13:53:01|  21.4|  0.0|INFORM|Spatial Index: Adding 100000 features
2024-07-16 13:53:01|  21.5|  0.1|INFORM|PointCloudCombiner_9___VectorMerger (VectorToPointCloudFactory): Splitting bulk features into individual features
2024-07-16 13:53:02|  22.2|  0.7|INFORM|FFS writer: Writing 100000 feature(s) to file '/tmp/wb-cache-Bude2Minecraft-TSFkKn/Main_Offsetter -1 45 fo 0 OFFSET  0  a6b51fe062a60e8e021faabec013fcc4ffbdb905_14.fts'
2024-07-16 13:53:02|  22.2|  0.0|INFORM|Spatial Index: Adding 100000 features
2024-07-16 13:53:02|  22.3|  0.1|INFORM|PointCloudCombiner_9___VectorMerger (VectorToPointCloudFactory): Splitting bulk features into individual features
2024-07-16 13:53:03|  23.1|  0.8|INFORM|FFS writer: Writing 100000 feature(s) to file '/tmp/wb-cache-Bude2Minecraft-TSFkKn/Main_Offsetter -1 45 fo 0 OFFSET  0  a6b51fe062a60e8e021faabec013fcc4ffbdb905_15.fts'
2024-07-16 13:53:03|  23.1|  0.0|INFORM|Spatial Index: Adding 100000 features
2024-07-16 13:53:03|  23.2|  0.1|INFORM|PointCloudCombiner_9___VectorMerger (VectorToPointCloudFactory): Splitting bulk features into individual features
2024-07-16 13:53:04|  23.7|  0.5|INFORM|FFS writer: Writing 48525 feature(s) to file '/tmp/wb-cache-Bude2Minecraft-TSFkKn/Main_Offsetter -1 45 fo 0 OFFSET  0  a6b51fe062a60e8e021faabec013fcc4ffbdb905_16.fts'
2024-07-16 13:53:04|  23.8|  0.1|INFORM|Spatial Index: Adding 48525 features
2024-07-16 13:53:04|  23.8|  0.0|INFORM|PointCloudCombiner_9___VectorMerger (VectorToPointCloudFactory): Splitting bulk features into individual features
2024-07-16 13:53:04|  24.0|  0.2|INFORM|FFS writer: Writing point cloud with 5033744 point(s) to file '/tmp/wb-cache-Bude2Minecraft-TSFkKn/Main_CoordinateSystemSetter -1 44 fo 0 OUTPUT  0  263c181a088548d65495036d14a5a9e4a132059f.fps'
2024-07-16 13:53:04|  24.2|  0.2|INFORM|FFS writer: Writing point cloud with 5033744 point(s) to file '/tmp/wb-cache-Bude2Minecraft-TSFkKn/Main_Offsetter -1 45 fo 0 OFFSET  0  a6b51fe062a60e8e021faabec013fcc4ffbdb905.fps'
2024-07-16 13:53:04|  24.3|  0.1|STATS |MinecraftRasterizer_PointCloudCombiner_2 OUTPUT Splitter (TeeFactory): Cloned 1 input feature(s) into 2 output feature(s)
2024-07-16 13:53:04|  24.3|  0.0|STATS |MinecraftRasterizer_PointCloudExpressionEvaluator_3 (Disabled) Nuker (TeeFactory): Cloned 1 input feature(s) into 0 output feature(s)
2024-07-16 13:53:04|  24.3|  0.0|STATS |MinecraftRasterizer_MinecraftPointCloud1721134359 Output Collector (TeeFactory): Cloned 1 input feature(s) into 1 output feature(s)
2024-07-16 13:53:04|  24.3|  0.0|STATS |MinecraftRasterizer MinecraftPointCloud Output Renamer/Nuker (TeeFactory): Cloned 1 input feature(s) into 1 output feature(s)
2024-07-16 13:53:04|  24.3|  0.0|STATS |CoordinateSystemSetter (TeeFactory): Cloned 1648526 input feature(s) into 1648526 output feature(s)
2024-07-16 13:53:04|  24.3|  0.0|STATS |Offsetter_OffsetterInput (TeeFactory): Cloned 1648526 input feature(s) into 1648526 output feature(s)
2024-07-16 13:53:04|  24.3|  0.0|STATS |Offsetter_Offsetter (TeeFactory): Cloned 1648526 input feature(s) into 1648526 output feature(s)
2024-07-16 13:53:04|  24.3|  0.0|STATS |Offsetter_Rejector (TestFactory): Tested 1648526 input feature(s) -- 0 feature(s) passed and 1648526 feature(s) failed
2024-07-16 13:53:04|  24.3|  0.0|STATS |Offsetter_PointCloudOffsetter (TestFactory): Tested 1648526 input feature(s) -- 0 feature(s) passed and 1648526 feature(s) failed
2024-07-16 13:53:04|  24.3|  0.0|INFORM|PointCloudCombiner: Converting component 'y' from type 'UInt16' to 'Real64'.  If this conversion is undesired, consider changing the type explicitly
2024-07-16 13:53:04|  24.3|  0.0|INFORM|PointCloudCombiner: Converting component 'z' from type 'UInt8' to 'Real64'.  If this conversion is undesired, consider changing the type explicitly
2024-07-16 13:53:04|  24.3|  0.0|INFORM|PointCloudCombiner: Converting component 'blockID' from type 'UInt16' to 'Real64'.  If this conversion is undesired, consider changing the type explicitly
2024-07-16 13:53:04|  24.3|  0.0|INFORM|PointCloudCombiner: Converting component 'blockData' from type 'UInt16' to 'Real64'.  If this conversion is undesired, consider changing the type explicitly
2024-07-16 13:53:04|  24.3|  0.0|INFORM|PointCloudCombiner: The following components will be generated with default values because they are required but not present on the point cloud: vertical_offset
2024-07-16 13:53:04|  24.4|  0.1|INFORM|FFS writer: Writing point cloud with 6682269 point(s) to file '/tmp/wb-cache-Bude2Minecraft-TSFkKn/Main_PointCloudCombiner_9 -1 36 fo 0 OUTPUT  0  6125d5b1d7434d5e6e653df1ae635fffb4aa7a3d.fps'
2024-07-16 13:53:05|  24.6|  0.2|INFORM|Creating writer for format: 
2024-07-16 13:53:05|  24.6|  0.0|INFORM|Using MultiWriter with keyword `FeatureWriter_2' to output data (ID_ATTRIBUTE is `multi_writer_id')
2024-07-16 13:53:05|  24.7|  0.1|INFORM|Creating writer for format: Mojang Minecraft
2024-07-16 13:53:05|  24.7|  0.0|INFORM|Trying to find a DYNAMIC plugin for writer named `MINECRAFT'
2024-07-16 13:53:05|  24.7|  0.0|INFORM|Loaded module 'MINECRAFT' from file '/opt/fme-form-2024/plugins/minecraft/minecraft.so'
2024-07-16 13:53:05|  24.7|  0.0|INFORM|FME API version of module 'minecraft/minecraft' matches current internal version (4.0 20240212)
2024-07-16 13:53:05|  24.7|  0.0|INFORM|FME Configuration: No destination coordinate system set
2024-07-16 13:53:05|  24.7|  0.0|INFORM|Writer `FeatureWriter_2_0' of type `MINECRAFT' using group definition keyword `FeatureWriter_2_0_DEF'
2024-07-16 13:53:05|  24.7|  0.0|INFORM|MINECRAFT writer: Directive '_POPULATE_TERRAIN' has the value 'false'
2024-07-16 13:53:05|  24.7|  0.0|INFORM|MINECRAFT writer: Directive '_CENTER_POINT_CLOUD' has the value 'true'
2024-07-16 13:53:05|  24.7|  0.0|INFORM|MINECRAFT writer: Directive '_FILL_UNDER' has the value 'true'
2024-07-16 13:53:05|  24.7|  0.0|INFORM|MINECRAFT writer: Directive '_FILL_BLOCK' has the value '1'
2024-07-16 13:53:05|  24.7|  0.0|INFORM|MINECRAFT writer: Directive '_BIOME' has the value '1'
2024-07-16 13:53:05|  24.7|  0.0|INFORM|MINECRAFT writer: Directive '_GENERATOR_NAME' has the value 'flat'
2024-07-16 13:53:05|  24.7|  0.0|INFORM|MINECRAFT writer: Directive '_GENERATOR_OPTIONS' has the value '2;7,2x3,2;1;'
2024-07-16 13:53:05|  24.7|  0.0|INFORM|MINECRAFT writer: Opening file '/home/joe/.minecraft/saves/Bude_1.25x'
2024-07-16 13:53:05|  24.8|  0.1|INFORM|MINECRAFT writer: Attribute 'minecraft_center_point_cloud' has value 'true'
2024-07-16 13:53:05|  24.8|  0.0|INFORM|MINECRAFT writer: Attribute 'minecraft_populate_terrain' has value 'false'
2024-07-16 13:53:05|  24.8|  0.0|INFORM|MINECRAFT writer: Attribute 'minecraft_fill_under' has value 'true'
2024-07-16 13:53:05|  24.8|  0.0|INFORM|MINECRAFT writer: Attribute 'minecraft_fill_block' has value '1'
2024-07-16 13:53:05|  24.8|  0.0|INFORM|MINECRAFT writer: Attribute 'minecraft_generator_name' has value 'flat'
2024-07-16 13:53:05|  24.8|  0.0|INFORM|MINECRAFT writer: Attribute 'minecraft_generator_options' has value '2;7,2x3,2;1;'
2024-07-16 13:53:05|  24.8|  0.0|INFORM|MINECRAFT writer: Attribute 'minecraft_generator_seed' has value '0'
2024-07-16 13:53:05|  24.8|  0.0|INFORM|MINECRAFT writer: Attribute 'minecraft_world_name' has value 'Bude_1.25x'
2024-07-16 13:53:05|  24.8|  0.0|WARN  |MINECRAFT writer: Converting component 'x' from type 'Real64' to 'Int32'.  If this conversion is undesired, consider changing the type explicitly
2024-07-16 13:53:05|  24.8|  0.0|WARN  |MINECRAFT writer: Converting component 'y' from type 'Real64' to 'Int32'.  If this conversion is undesired, consider changing the type explicitly
2024-07-16 13:53:05|  24.8|  0.0|WARN  |MINECRAFT writer: Converting component 'z' from type 'Real64' to 'UInt8'.  If this conversion is undesired, consider changing the type explicitly
2024-07-16 13:53:05|  24.8|  0.0|WARN  |MINECRAFT writer: Converting component 'blockID' from type 'Real64' to 'UInt16'.  If this conversion is undesired, consider changing the type explicitly
2024-07-16 13:53:05|  24.8|  0.0|WARN  |MINECRAFT writer: Converting component 'blockData' from type 'Real64' to 'UInt8'.  If this conversion is undesired, consider changing the type explicitly
2024-07-16 13:53:05|  24.8|  0.0|WARN  |MINECRAFT writer: The following components will be dropped from the point cloud: vertical_offset
2024-07-16 13:53:05|  24.8|  0.0|INFORM|MINECRAFT writer: Wrote to Level file at '/home/joe/.minecraft/saves/Bude_1.25x/level.dat'
2024-07-16 13:53:05|  24.8|  0.0|INFORM|MINECRAFT writer: Tiling Dataset into Regions
2024-07-16 13:53:05|  25.2|  0.4|INFORM|MINECRAFT writer: Building 24 region(s)
2024-07-16 13:53:05|  25.2|  0.0|INFORM|MINECRAFT writer: Building region 1 of 24 at -2,-3
2024-07-16 13:53:05|  25.2|  0.0|INFORM|MINECRAFT writer: Wrote to Region file at '/home/joe/.minecraft/saves/Bude_1.25x/region/r.-2.-3.mca'
2024-07-16 13:53:05|  25.2|  0.0|INFORM|MINECRAFT writer: Building region 2 of 24 at -2,-2
2024-07-16 13:53:05|  25.3|  0.1|INFORM|MINECRAFT writer: Wrote to Region file at '/home/joe/.minecraft/saves/Bude_1.25x/region/r.-2.-2.mca'
2024-07-16 13:53:05|  25.3|  0.0|INFORM|MINECRAFT writer: Building region 3 of 24 at -2,-1
2024-07-16 13:53:05|  25.4|  0.1|INFORM|MINECRAFT writer: Wrote to Region file at '/home/joe/.minecraft/saves/Bude_1.25x/region/r.-2.-1.mca'
2024-07-16 13:53:05|  25.4|  0.0|INFORM|MINECRAFT writer: Building region 4 of 24 at -2,0
2024-07-16 13:53:05|  25.5|  0.1|INFORM|MINECRAFT writer: Wrote to Region file at '/home/joe/.minecraft/saves/Bude_1.25x/region/r.-2.0.mca'
2024-07-16 13:53:05|  25.5|  0.0|INFORM|MINECRAFT writer: Building region 5 of 24 at -2,1
2024-07-16 13:53:06|  25.7|  0.2|INFORM|MINECRAFT writer: Wrote to Region file at '/home/joe/.minecraft/saves/Bude_1.25x/region/r.-2.1.mca'
2024-07-16 13:53:06|  25.7|  0.0|INFORM|MINECRAFT writer: Building region 6 of 24 at -2,2
2024-07-16 13:53:06|  25.7|  0.0|INFORM|MINECRAFT writer: Wrote to Region file at '/home/joe/.minecraft/saves/Bude_1.25x/region/r.-2.2.mca'
2024-07-16 13:53:06|  25.7|  0.0|INFORM|MINECRAFT writer: Building region 7 of 24 at -1,-3
2024-07-16 13:53:06|  25.7|  0.0|INFORM|MINECRAFT writer: Wrote to Region file at '/home/joe/.minecraft/saves/Bude_1.25x/region/r.-1.-3.mca'
2024-07-16 13:53:06|  25.7|  0.0|INFORM|MINECRAFT writer: Building region 8 of 24 at -1,-2
2024-07-16 13:53:06|  25.9|  0.2|INFORM|MINECRAFT writer: Wrote to Region file at '/home/joe/.minecraft/saves/Bude_1.25x/region/r.-1.-2.mca'
2024-07-16 13:53:06|  25.9|  0.0|INFORM|MINECRAFT writer: Building region 9 of 24 at -1,-1
2024-07-16 13:53:06|  26.1|  0.2|INFORM|MINECRAFT writer: Wrote to Region file at '/home/joe/.minecraft/saves/Bude_1.25x/region/r.-1.-1.mca'
2024-07-16 13:53:06|  26.1|  0.0|INFORM|MINECRAFT writer: Building region 10 of 24 at -1,0
2024-07-16 13:53:06|  26.4|  0.3|INFORM|MINECRAFT writer: Wrote to Region file at '/home/joe/.minecraft/saves/Bude_1.25x/region/r.-1.0.mca'
2024-07-16 13:53:06|  26.4|  0.0|INFORM|MINECRAFT writer: Building region 11 of 24 at -1,1
2024-07-16 13:53:07|  26.7|  0.3|INFORM|MINECRAFT writer: Wrote to Region file at '/home/joe/.minecraft/saves/Bude_1.25x/region/r.-1.1.mca'
2024-07-16 13:53:07|  26.7|  0.0|INFORM|MINECRAFT writer: Building region 12 of 24 at -1,2
2024-07-16 13:53:07|  26.7|  0.0|INFORM|MINECRAFT writer: Wrote to Region file at '/home/joe/.minecraft/saves/Bude_1.25x/region/r.-1.2.mca'
2024-07-16 13:53:07|  26.7|  0.0|INFORM|MINECRAFT writer: Building region 13 of 24 at 0,-3
2024-07-16 13:53:07|  26.7|  0.0|INFORM|MINECRAFT writer: Wrote to Region file at '/home/joe/.minecraft/saves/Bude_1.25x/region/r.0.-3.mca'
2024-07-16 13:53:07|  26.7|  0.0|INFORM|MINECRAFT writer: Building region 14 of 24 at 0,-2
2024-07-16 13:53:07|  26.9|  0.2|INFORM|MINECRAFT writer: Wrote to Region file at '/home/joe/.minecraft/saves/Bude_1.25x/region/r.0.-2.mca'
2024-07-16 13:53:07|  26.9|  0.0|INFORM|MINECRAFT writer: Building region 15 of 24 at 0,-1
2024-07-16 13:53:07|  27.2|  0.3|INFORM|MINECRAFT writer: Wrote to Region file at '/home/joe/.minecraft/saves/Bude_1.25x/region/r.0.-1.mca'
2024-07-16 13:53:07|  27.2|  0.0|INFORM|MINECRAFT writer: Building region 16 of 24 at 0,0
2024-07-16 13:53:07|  27.4|  0.2|INFORM|MINECRAFT writer: Wrote to Region file at '/home/joe/.minecraft/saves/Bude_1.25x/region/r.0.0.mca'
2024-07-16 13:53:07|  27.4|  0.0|INFORM|MINECRAFT writer: Building region 17 of 24 at 0,1
2024-07-16 13:53:08|  27.6|  0.2|INFORM|MINECRAFT writer: Wrote to Region file at '/home/joe/.minecraft/saves/Bude_1.25x/region/r.0.1.mca'
2024-07-16 13:53:08|  27.6|  0.0|INFORM|MINECRAFT writer: Building region 18 of 24 at 0,2
2024-07-16 13:53:08|  27.6|  0.0|INFORM|MINECRAFT writer: Wrote to Region file at '/home/joe/.minecraft/saves/Bude_1.25x/region/r.0.2.mca'
2024-07-16 13:53:08|  27.6|  0.0|INFORM|MINECRAFT writer: Building region 19 of 24 at 1,-3
2024-07-16 13:53:08|  27.6|  0.0|INFORM|MINECRAFT writer: Wrote to Region file at '/home/joe/.minecraft/saves/Bude_1.25x/region/r.1.-3.mca'
2024-07-16 13:53:08|  27.6|  0.0|INFORM|MINECRAFT writer: Building region 20 of 24 at 1,-2
2024-07-16 13:53:08|  27.8|  0.2|INFORM|MINECRAFT writer: Wrote to Region file at '/home/joe/.minecraft/saves/Bude_1.25x/region/r.1.-2.mca'
2024-07-16 13:53:08|  27.8|  0.0|INFORM|MINECRAFT writer: Building region 21 of 24 at 1,-1
2024-07-16 13:53:08|  28.0|  0.2|INFORM|MINECRAFT writer: Wrote to Region file at '/home/joe/.minecraft/saves/Bude_1.25x/region/r.1.-1.mca'
2024-07-16 13:53:08|  28.0|  0.0|INFORM|MINECRAFT writer: Building region 22 of 24 at 1,0
2024-07-16 13:53:08|  28.2|  0.2|INFORM|MINECRAFT writer: Wrote to Region file at '/home/joe/.minecraft/saves/Bude_1.25x/region/r.1.0.mca'
2024-07-16 13:53:08|  28.2|  0.0|INFORM|MINECRAFT writer: Building region 23 of 24 at 1,1
2024-07-16 13:53:08|  28.4|  0.2|INFORM|MINECRAFT writer: Wrote to Region file at '/home/joe/.minecraft/saves/Bude_1.25x/region/r.1.1.mca'
2024-07-16 13:53:08|  28.4|  0.0|INFORM|MINECRAFT writer: Building region 24 of 24 at 1,2
2024-07-16 13:53:08|  28.4|  0.0|INFORM|MINECRAFT writer: Wrote to Region file at '/home/joe/.minecraft/saves/Bude_1.25x/region/r.1.2.mca'
2024-07-16 13:53:08|  28.4|  0.0|INFORM|=-=-=-=-=-=-=-=-=-=-=-=-=-=-=-=-=-=-=-=-=-=-=-=-=-=-=-=-=-=-=-=-=-=-=-=-=-=-=-
2024-07-16 13:53:08|  28.4|  0.0|INFORM|Feature output statistics for `MINECRAFT' writer using keyword `FeatureWriter_2_0':
2024-07-16 13:53:08|  28.4|  0.0|STATS |=-=-=-=-=-=-=-=-=-=-=-=-=-=-=-=-=-=-=-=-=-=-=-=-=-=-=-=-=-=-=-=-=-=-=-=-=-=-=-
2024-07-16 13:53:08|  28.4|  0.0|STATS |                               Features Written
2024-07-16 13:53:08|  28.4|  0.0|STATS |=-=-=-=-=-=-=-=-=-=-=-=-=-=-=-=-=-=-=-=-=-=-=-=-=-=-=-=-=-=-=-=-=-=-=-=-=-=-=-
2024-07-16 13:53:08|  28.4|  0.0|STATS |Bude_1.25x                                                                   1
2024-07-16 13:53:08|  28.4|  0.0|STATS |==============================================================================
2024-07-16 13:53:08|  28.4|  0.0|STATS |Total Features Written                                                       1
2024-07-16 13:53:08|  28.4|  0.0|STATS |=-=-=-=-=-=-=-=-=-=-=-=-=-=-=-=-=-=-=-=-=-=-=-=-=-=-=-=-=-=-=-=-=-=-=-=-=-=-=-
2024-07-16 13:53:08|  28.5|  0.1|INFORM|FFS writer: Writing point cloud with 6682269 point(s) to file '/tmp/wb-cache-Bude2Minecraft-TSFkKn/Main_FeatureWriter_2 -1 19 fo 0 Offset  0  f1a9b7b9abb48e48fe9ce916cd0ad506830163ba.fps'
2024-07-16 13:53:09|  28.7|  0.2|INFORM|SystemCaller_3: Executing 'rm -r /home/joe/Documents/Overviewer/Output/Bude_1.25x'
2024-07-16 13:53:09|  28.7|  0.0|INFORM|FFS writer: Writing point cloud with 6682269 point(s) to file '/tmp/wb-cache-Bude2Minecraft-TSFkKn/Main_SystemCaller_3 -1 63 fo 0 OUTPUT  0  7fb50776d1864c4151746c80b9bb226ee114aea5.fps'
2024-07-16 13:53:09|  29.0|  0.3|INFORM|SystemCaller: Executing '/home/joe/miniconda3/envs/overviewer/bin/python /home/joe/Documents/Overviewer/overviewer.py /home/joe/.minecraft/saves/Bude_1.25x /home/joe/Documents/Overviewer/Output/Bude_1.25x
'
2024-07-16 13:54:00|  29.1|  0.1|INFORM|FFS writer: Writing point cloud with 6682269 point(s) to file '/tmp/wb-cache-Bude2Minecraft-TSFkKn/Main_SystemCaller -1 61 fo 0 OUTPUT  0  8d43a9d1fc235e351c4081c8931a3c0c99b509cb.fps'
2024-07-16 13:54:00|  29.3|  0.2|INFORM|SystemCaller_2: Executing 'firefox /home/joe/Documents/Overviewer/Output/Bude_1.25x/index.html &'
2024-07-16 13:54:00|  29.3|  0.0|INFORM|FFS writer: Writing point cloud with 6682269 point(s) to file '/tmp/wb-cache-Bude2Minecraft-TSFkKn/Main_SystemCaller_2 -1 62 fo 0 OUTPUT  0  2838bd5123eec8e35f2d28cdafdba2995867e22a.fps'
2024-07-16 13:54:01|  29.6|  0.3|STATS |SystemCaller_3 (TeeFactory): Cloned 1 input feature(s) into 1 output feature(s)
2024-07-16 13:54:01|  29.6|  0.0|STATS |SystemCaller (TeeFactory): Cloned 1 input feature(s) into 1 output feature(s)
2024-07-16 13:54:01|  29.6|  0.0|STATS |SystemCaller_2 (TeeFactory): Cloned 1 input feature(s) into 1 output feature(s)
2024-07-16 13:54:03|  32.2|  2.6|STATS |Destination Feature Type Routing Correlator (RoutingFactory): Tested 0 input feature(s), wrote 0 output feature(s): 0 matched merge filters, 0 were routed to output, 0 could not be routed.
2024-07-16 13:54:03|  32.2|  0.0|STATS |Final Output Nuker (TeeFactory): Cloned 0 input feature(s) into 0 output feature(s)
2024-07-16 13:54:03|  32.2|  0.0|STATS |=-=-=-=-=-=-=-=-=-=-=-=-=-=-=-=-=-=-=-=-=-=-=-=-=-=-=-=-=-=-=-=-=-=-=-=-=-=-=-
2024-07-16 13:54:03|  32.2|  0.0|STATS |                            Features Read Summary
2024-07-16 13:54:03|  32.2|  0.0|STATS |=-=-=-=-=-=-=-=-=-=-=-=-=-=-=-=-=-=-=-=-=-=-=-=-=-=-=-=-=-=-=-=-=-=-=-=-=-=-=-
2024-07-16 13:54:03|  32.2|  0.0|STATS |==============================================================================
2024-07-16 13:54:03|  32.2|  0.0|STATS |Total Features Read                                                          0
2024-07-16 13:54:03|  32.2|  0.0|STATS |=-=-=-=-=-=-=-=-=-=-=-=-=-=-=-=-=-=-=-=-=-=-=-=-=-=-=-=-=-=-=-=-=-=-=-=-=-=-=-
2024-07-16 13:54:03|  32.2|  0.0|STATS |=-=-=-=-=-=-=-=-=-=-=-=-=-=-=-=-=-=-=-=-=-=-=-=-=-=-=-=-=-=-=-=-=-=-=-=-=-=-=-
2024-07-16 13:54:03|  32.2|  0.0|STATS |                           Features Written Summary
2024-07-16 13:54:03|  32.2|  0.0|STATS |=-=-=-=-=-=-=-=-=-=-=-=-=-=-=-=-=-=-=-=-=-=-=-=-=-=-=-=-=-=-=-=-=-=-=-=-=-=-=-
2024-07-16 13:54:03|  32.2|  0.0|STATS |==============================================================================
2024-07-16 13:54:03|  32.2|  0.0|STATS |Total Features Written                                                       0
2024-07-16 13:54:03|  32.2|  0.0|STATS |=-=-=-=-=-=-=-=-=-=-=-=-=-=-=-=-=-=-=-=-=-=-=-=-=-=-=-=-=-=-=-=-=-=-=-=-=-=-=-
2024-07-16 13:54:03|  32.2|  0.0|WARN  |-~-~-~-~-~-~-~-~-~-~-~-~-~-~-~-~-~-~-~-~-~-~-~-~-~-~-~-~-~-~-~-~-~-~-~-~-~-~-~-~-
2024-07-16 13:54:03|  32.2|  0.0|WARN  |-~                                                                             ~-
2024-07-16 13:54:03|  32.2|  0.0|WARN  |-~    Feature caches have been recorded at every stage of the translation.     ~-
2024-07-16 13:54:03|  32.2|  0.0|WARN  |-~                      To inspect the recorded features,                      ~-
2024-07-16 13:54:03|  32.2|  0.0|WARN  |-~              click the feature cache icons next to the ports.               ~-
2024-07-16 13:54:03|  32.2|  0.0|WARN  |-~                                                                             ~-
2024-07-16 13:54:03|  32.2|  0.0|WARN  |-~-~-~-~-~-~-~-~-~-~-~-~-~-~-~-~-~-~-~-~-~-~-~-~-~-~-~-~-~-~-~-~-~-~-~-~-~-~-~-~-
2024-07-16 13:54:03|  32.2|  0.0|INFORM|Translation was SUCCESSFUL with 15 warning(s) (0 feature(s) output)
2024-07-16 13:54:03|  32.2|  0.0|INFORM|FME Session Duration: 1 minute 23.5 seconds. (CPU: 27.1s user, 5.1s system)
2024-07-16 13:54:03|  32.2|  0.0|INFORM|END - ProcessID: 50310, peak process heap usage: 1028503 kB, current process heap usage: 71429 kB
